   Compiling proc-macro2 v1.0.106
   Compiling quote v1.0.45
   Compiling unicode-ident v1.0.24
   Compiling libc v0.2.182
   Compiling smallvec v1.15.1
   Compiling cfg-if v1.0.4
   Compiling pin-project-lite v0.2.17
   Compiling bytes v1.11.1
   Compiling parking_lot_core v0.9.12
   Compiling syn v2.0.117
   Compiling scopeguard v1.2.0
   Compiling futures-core v0.3.32
   Compiling lock_api v0.4.14
   Compiling jobserver v0.1.34
   Compiling errno v0.3.14
   Compiling find-msvc-tools v0.1.9
   Compiling once_cell v1.21.3
   Compiling itoa v1.0.17
   Compiling shlex v1.3.0
   Compiling stable_deref_trait v1.2.1
   Compiling cc v1.2.56
   Compiling parking_lot v0.12.5
   Compiling signal-hook-registry v1.4.8
   Compiling mio v1.1.1
   Compiling socket2 v0.6.2
   Compiling cmake v0.1.57
   Compiling fs_extra v1.3.0
   Compiling dunce v1.0.5
   Compiling log v0.4.29
   Compiling aws-lc-sys v0.38.0
   Compiling tracing-core v0.1.36
   Compiling http v1.4.0
   Compiling synstructure v0.13.2
   Compiling tracing v0.1.44
   Compiling zeroize v1.8.2
   Compiling slab v0.4.12
   Compiling aws-lc-rs v1.16.1
   Compiling http-body v1.0.1
   Compiling litemap v0.8.1
   Compiling writeable v0.6.2
   Compiling zerofrom-derive v0.1.6
   Compiling yoke-derive v0.8.1
   Compiling tokio-macros v2.6.1
   Compiling tokio v1.50.0
   Compiling zerovec-derive v0.11.2
   Compiling zerofrom v0.1.6
   Compiling yoke v0.8.1
   Compiling displaydoc v0.2.5
   Compiling futures-sink v0.3.32
   Compiling zerovec v0.11.5
   Compiling serde_core v1.0.228
   Compiling subtle v2.6.1
   Compiling version_check v0.9.5
   Compiling typenum v1.19.0
   Compiling tinystr v0.8.2
   Compiling potential_utf v0.1.4
   Compiling icu_locale_core v2.1.1
   Compiling generic-array v0.14.7
   Compiling zerotrie v0.2.3
   Compiling rustls-pki-types v1.14.0
   Compiling equivalent v1.0.2
   Compiling hashbrown v0.16.1
   Compiling futures-task v0.3.32
   Compiling httparse v1.10.1
   Compiling icu_normalizer_data v2.1.1
   Compiling tower-service v0.3.3
   Compiling percent-encoding v2.3.2
   Compiling icu_properties_data v2.1.2
   Compiling futures-util v0.3.32
   Compiling indexmap v2.13.0
   Compiling tokio-util v0.7.18
   Compiling icu_provider v2.1.1
   Compiling icu_collections v2.1.1
   Compiling atomic-waker v1.1.2
   Compiling try-lock v0.2.5
   Compiling fnv v1.0.7
   Compiling untrusted v0.9.0
   Compiling rustls v0.23.37
   Compiling h2 v0.4.13
   Compiling want v0.3.1
   Compiling sync_wrapper v1.0.2
   Compiling futures-channel v0.3.32
   Compiling pkg-config v0.3.32
   Compiling tower-layer v0.3.3
   Compiling serde v1.0.228
   Compiling zmij v1.0.21
   Compiling httpdate v1.0.3
   Compiling pin-utils v0.1.0
   Compiling alsa-sys v0.3.1
   Compiling icu_normalizer v2.1.1
   Compiling hyper v1.8.1
   Compiling icu_properties v2.1.2
   Compiling form_urlencoded v1.2.2
   Compiling serde_derive v1.0.228
   Compiling bitflags v2.11.0
   Compiling ipnet v2.12.0
   Compiling serde_json v1.0.149
   Compiling base64 v0.22.1
   Compiling hyper-util v0.1.20
   Compiling idna_adapter v1.2.1
   Compiling tower v0.5.3
   Compiling block-buffer v0.10.4
   Compiling crypto-common v0.1.7
   Compiling http-body-util v0.1.3
   Compiling utf8_iter v1.0.4
   Compiling memchr v2.8.0
   Compiling mime v0.3.17
   Compiling openssl-probe v0.2.1
   Compiling rustls-native-certs v0.8.3
   Compiling idna v1.1.0
   Compiling digest v0.10.7
   Compiling powerfmt v0.2.0
   Compiling ryu v1.0.23
   Compiling iri-string v0.7.10
   Compiling serde_urlencoded v0.7.1
   Compiling deranged v0.5.8
   Compiling alsa v0.9.1
   Compiling tower-http v0.6.8
   Compiling url v2.5.8
   Compiling axum-core v0.5.6
   Compiling serde_path_to_error v0.1.20
   Compiling encoding_rs v0.8.35
   Compiling matchit v0.8.4
   Compiling cpufeatures v0.2.17
   Compiling num-conv v0.2.0
   Compiling time-core v0.1.8
   Compiling time v0.3.47
   Compiling axum v0.8.8
   Compiling sha2 v0.10.9
   Compiling capture v0.1.0 (/app/radio-server/crates/capture)
warning: unused variable: `is_3byte`
  --> crates/capture/src/capture.rs:25:17
   |
25 |             let is_3byte = self.format == SNDRV_PCM_FORMAT_S24_3LE;
   |                 ^^^^^^^^ help: if this is intentional, prefix it with an underscore: `_is_3byte`
   |
   = note: `#[warn(unused_variables)]` (part of `#[warn(unused)]`) on by default

warning: `capture` (lib) generated 1 warning (run `cargo fix --lib -p capture` to apply 1 suggestion)
   Compiling hmac v0.12.1
   Compiling tokio-stream v0.1.18
   Compiling hex v0.4.3
   Compiling roxmltree v0.20.0
   Compiling encoder v0.1.0 (/app/radio-server/crates/encoder)
   Compiling rustls-webpki v0.103.9
   Compiling tokio-rustls v0.26.4
   Compiling rustls-platform-verifier v0.6.2
   Compiling hyper-rustls v0.27.7
   Compiling reqwest v0.13.2
   Compiling server v0.1.0 (/app/radio-server/crates/server)
    Finished `release` profile [optimized] target(s) in 1m 55s
     Running `target/release/server`
Monitor UI listening on http://0.0.0.0:8080
